<?xml version="1.0" encoding="UTF-8"?>
<testsuite name="br.com.fullcycle.hexagonal.controllers.CustomerControllerTest" tests="4" skipped="0" failures="0" errors="0" timestamp="2024-07-30T00:39:29" hostname="fernando-luizalabs" time="0.657">
  <properties/>
  <testcase name="Deve obter um cliente por id" classname="br.com.fullcycle.hexagonal.controllers.CustomerControllerTest" time="0.513"/>
  <testcase name="Não deve cadastrar um cliente com e-mail duplicado" classname="br.com.fullcycle.hexagonal.controllers.CustomerControllerTest" time="0.085"/>
  <testcase name="Não deve cadastrar um cliente com CPF duplicado" classname="br.com.fullcycle.hexagonal.controllers.CustomerControllerTest" time="0.028"/>
  <testcase name="Deve criar um cliente" classname="br.com.fullcycle.hexagonal.controllers.CustomerControllerTest" time="0.023"/>
  <system-out><![CDATA[2024-07-29T21:39:28.058-03:00  INFO 181399 --- [    Test worker] t.c.s.AnnotationConfigContextLoaderUtils : Could not detect default configuration classes for test class [br.com.fullcycle.hexagonal.controllers.CustomerControllerTest]: CustomerControllerTest does not declare any static, non-private, non-final, nested classes annotated with @Configuration.
2024-07-29T21:39:28.111-03:00  INFO 181399 --- [    Test worker] .b.t.c.SpringBootTestContextBootstrapper : Found @SpringBootConfiguration br.com.fullcycle.hexagonal.Main for test class br.com.fullcycle.hexagonal.controllers.CustomerControllerTest

  .   ____          _            __ _ _
 /\\ / ___'_ __ _ _(_)_ __  __ _ \ \ \ \
( ( )\___ | '_ | '_| | '_ \/ _` | \ \ \ \
 \\/  ___)| |_)| | | | | || (_| |  ) ) ) )
  '  |____| .__|_| |_|_| |_\__, | / / / /
 =========|_|==============|___/=/_/_/_/
 :: Spring Boot ::                (v3.1.2)

2024-07-29T21:39:28.188-03:00  INFO 181399 --- [    Test worker] b.c.f.h.c.CustomerControllerTest         : Starting CustomerControllerTest using Java 17.0.11 with PID 181399 (started by fernando in /home/fernando/study/full-cycle/mba/ticket-sales-hexagonal-architecture)
2024-07-29T21:39:28.189-03:00  INFO 181399 --- [    Test worker] b.c.f.h.c.CustomerControllerTest         : The following 1 profile is active: "test"
2024-07-29T21:39:28.583-03:00  INFO 181399 --- [    Test worker] .s.d.r.c.RepositoryConfigurationDelegate : Bootstrapping Spring Data JPA repositories in DEFAULT mode.
2024-07-29T21:39:28.606-03:00  INFO 181399 --- [    Test worker] .s.d.r.c.RepositoryConfigurationDelegate : Finished Spring Data repository scanning in 22 ms. Found 4 JPA repository interfaces.
2024-07-29T21:39:28.887-03:00  INFO 181399 --- [    Test worker] o.hibernate.jpa.internal.util.LogHelper  : HHH000204: Processing PersistenceUnitInfo [name: default]
2024-07-29T21:39:28.898-03:00  INFO 181399 --- [    Test worker] o.h.b.i.BytecodeProviderInitiator        : HHH000021: Bytecode provider name : bytebuddy
2024-07-29T21:39:28.898-03:00  INFO 181399 --- [    Test worker] o.s.o.j.p.SpringPersistenceUnitInfo      : No LoadTimeWeaver setup: ignoring JPA class transformer
2024-07-29T21:39:28.899-03:00  INFO 181399 --- [    Test worker] com.zaxxer.hikari.HikariDataSource       : HikariPool-2 - Starting...
2024-07-29T21:39:28.901-03:00  INFO 181399 --- [    Test worker] com.zaxxer.hikari.pool.HikariPool        : HikariPool-2 - Added connection conn10: url=jdbc:h2:mem:adm_videos_test user=ROOT
2024-07-29T21:39:28.901-03:00  INFO 181399 --- [    Test worker] com.zaxxer.hikari.HikariDataSource       : HikariPool-2 - Start completed.
2024-07-29T21:39:28.929-03:00  INFO 181399 --- [    Test worker] o.h.b.i.BytecodeProviderInitiator        : HHH000021: Bytecode provider name : bytebuddy
2024-07-29T21:39:29.039-03:00  INFO 181399 --- [    Test worker] o.h.e.t.j.p.i.JtaPlatformInitiator       : HHH000490: Using JtaPlatform implementation: [org.hibernate.engine.transaction.jta.platform.internal.NoJtaPlatform]
Hibernate: alter table if exists tickets alter column paid_at set data type timestamp(6) with time zone
Hibernate: alter table if exists tickets alter column reserved_at set data type timestamp(6) with time zone
2024-07-29T21:39:29.059-03:00  INFO 181399 --- [    Test worker] j.LocalContainerEntityManagerFactoryBean : Initialized JPA EntityManagerFactory for persistence unit 'default'
2024-07-29T21:39:29.467-03:00  INFO 181399 --- [    Test worker] efaultSchemaResourceGraphQlSourceBuilder : Loaded 1 resource(s) in the GraphQL schema.
2024-07-29T21:39:29.487-03:00  INFO 181399 --- [    Test worker] s.b.a.g.s.GraphQlWebMvcAutoConfiguration : GraphQL endpoint HTTP POST /graphql
2024-07-29T21:39:29.585-03:00  INFO 181399 --- [    Test worker] o.s.b.t.m.w.SpringBootMockServletContext : Initializing Spring TestDispatcherServlet ''
2024-07-29T21:39:29.585-03:00  INFO 181399 --- [    Test worker] o.s.t.web.servlet.TestDispatcherServlet  : Initializing Servlet ''
2024-07-29T21:39:29.594-03:00  INFO 181399 --- [    Test worker] o.s.t.web.servlet.TestDispatcherServlet  : Completed initialization in 6 ms
2024-07-29T21:39:29.648-03:00  INFO 181399 --- [    Test worker] b.c.f.h.c.CustomerControllerTest         : Started CustomerControllerTest in 1.532 seconds (process running for 7.253)
Hibernate: select c1_0.id,c1_0.cpf,c1_0.email,c1_0.name from customers c1_0 where c1_0.cpf=?
Hibernate: select c1_0.id,c1_0.cpf,c1_0.email,c1_0.name from customers c1_0 where c1_0.email=?
Hibernate: insert into customers (cpf,email,name,id) values (?,?,?,default)
Hibernate: select c1_0.id,c1_0.cpf,c1_0.email,c1_0.name from customers c1_0 where c1_0.id=?
Hibernate: select c1_0.id,c1_0.cpf,c1_0.email,c1_0.name from customers c1_0
Hibernate: delete from customers where id=?
Hibernate: select c1_0.id,c1_0.cpf,c1_0.email,c1_0.name from customers c1_0 where c1_0.cpf=?
Hibernate: select c1_0.id,c1_0.cpf,c1_0.email,c1_0.name from customers c1_0 where c1_0.email=?
Hibernate: insert into customers (cpf,email,name,id) values (?,?,?,default)
Hibernate: select c1_0.id,c1_0.cpf,c1_0.email,c1_0.name from customers c1_0 where c1_0.cpf=?
Hibernate: select c1_0.id,c1_0.cpf,c1_0.email,c1_0.name from customers c1_0 where c1_0.email=?
Hibernate: select c1_0.id,c1_0.cpf,c1_0.email,c1_0.name from customers c1_0
Hibernate: delete from customers where id=?
Hibernate: select c1_0.id,c1_0.cpf,c1_0.email,c1_0.name from customers c1_0 where c1_0.cpf=?
Hibernate: select c1_0.id,c1_0.cpf,c1_0.email,c1_0.name from customers c1_0 where c1_0.email=?
Hibernate: insert into customers (cpf,email,name,id) values (?,?,?,default)
Hibernate: select c1_0.id,c1_0.cpf,c1_0.email,c1_0.name from customers c1_0 where c1_0.cpf=?
Hibernate: select c1_0.id,c1_0.cpf,c1_0.email,c1_0.name from customers c1_0
Hibernate: delete from customers where id=?
Hibernate: select c1_0.id,c1_0.cpf,c1_0.email,c1_0.name from customers c1_0 where c1_0.cpf=?
Hibernate: select c1_0.id,c1_0.cpf,c1_0.email,c1_0.name from customers c1_0 where c1_0.email=?
Hibernate: insert into customers (cpf,email,name,id) values (?,?,?,default)
Hibernate: select c1_0.id,c1_0.cpf,c1_0.email,c1_0.name from customers c1_0
Hibernate: delete from customers where id=?
]]></system-out>
  <system-err><![CDATA[]]></system-err>
</testsuite>
