<?xml version="1.0" encoding="UTF-8"?>
<testsuite name="br.com.fullcycle.hexagonal.controllers.EventControllerTest" tests="2" skipped="0" failures="0" errors="0" timestamp="2024-07-30T00:39:30" hostname="fernando-luizalabs" time="0.168">
  <properties/>
  <testcase name="Deve criar um evento" classname="br.com.fullcycle.hexagonal.controllers.EventControllerTest" time="0.107"/>
  <testcase name="Deve comprar um ticket de um evento" classname="br.com.fullcycle.hexagonal.controllers.EventControllerTest" time="0.059"/>
  <system-out><![CDATA[2024-07-29T21:39:30.325-03:00  INFO 181399 --- [    Test worker] t.c.s.AnnotationConfigContextLoaderUtils : Could not detect default configuration classes for test class [br.com.fullcycle.hexagonal.controllers.EventControllerTest]: EventControllerTest does not declare any static, non-private, non-final, nested classes annotated with @Configuration.
2024-07-29T21:39:30.331-03:00  INFO 181399 --- [    Test worker] .b.t.c.SpringBootTestContextBootstrapper : Found @SpringBootConfiguration br.com.fullcycle.hexagonal.Main for test class br.com.fullcycle.hexagonal.controllers.EventControllerTest
Hibernate: insert into customers (cpf,email,name,id) values (?,?,?,default)
Hibernate: insert into partners (cnpj,email,name,id) values (?,?,?,default)
Hibernate: select p1_0.id,p1_0.cnpj,p1_0.email,p1_0.name from partners p1_0 where p1_0.id=?
Hibernate: insert into events (date,name,partner_id,total_spots,id) values (?,?,?,?,default)
Hibernate: select e1_0.id,e1_0.date,e1_0.name,e1_0.partner_id,e1_0.total_spots from events e1_0
Hibernate: select t1_0.event_id,t1_0.id,t1_0.customer_id,t1_0.paid_at,t1_0.reserved_at,t1_0.status from tickets t1_0 where t1_0.event_id=?
Hibernate: delete from events where id=?
Hibernate: select c1_0.id,c1_0.cpf,c1_0.email,c1_0.name from customers c1_0
Hibernate: delete from customers where id=?
Hibernate: select p1_0.id,p1_0.cnpj,p1_0.email,p1_0.name from partners p1_0
Hibernate: delete from partners where id=?
Hibernate: insert into customers (cpf,email,name,id) values (?,?,?,default)
Hibernate: insert into partners (cnpj,email,name,id) values (?,?,?,default)
Hibernate: insert into events (date,name,partner_id,total_spots,id) values (?,?,?,?,default)
Hibernate: select t1_0.id,t1_0.customer_id,t1_0.event_id,t1_0.paid_at,t1_0.reserved_at,t1_0.status from tickets t1_0 where t1_0.event_id=? and t1_0.customer_id=?
Hibernate: insert into tickets (customer_id,event_id,paid_at,reserved_at,status,id) values (?,?,?,?,?,default)
Hibernate: select e1_0.id,e1_0.date,e1_0.name,e1_0.partner_id,e1_0.total_spots from events e1_0
Hibernate: select c1_0.id,c1_0.cpf,c1_0.email,c1_0.name from customers c1_0
Hibernate: select p1_0.id,p1_0.cnpj,p1_0.email,p1_0.name from partners p1_0
]]></system-out>
  <system-err><![CDATA[]]></system-err>
</testsuite>
